<?xml version="1.0" encoding="UTF-8"?>
<!-- Generated by org.testng.reporters.JUnitReportReporter -->
<testsuite hostname="DESKTOP-BTBHEPN" failures="0" tests="1" name="whatsAppDemo.WhatsApp" time="63.871" errors="0" timestamp="2020-08-18T18:24:40 IST" skipped="0">
  <testcase classname="whatsAppDemo.WhatsApp" name="watsApp" time="63.871"/>
  <system-out/>
</testsuite> <!-- whatsAppDemo.WhatsApp -->
