<?xml version="1.0" encoding="UTF-8"?>
<!-- Generated by org.testng.reporters.JUnitReportReporter -->
<testsuite hostname="DESKTOP-BTBHEPN" failures="0" tests="1" name="comm.Test123" time="6.264" errors="0" timestamp="2020-08-09T01:04:35 IST" skipped="0">
  <testcase classname="comm.Test123" name="test" time="6.264"/>
  <system-out/>
</testsuite> <!-- comm.Test123 -->
