<?xml version="1.0" encoding="UTF-8"?>
<!-- Generated by org.testng.reporters.JUnitReportReporter -->
<testsuite hostname="DESKTOP-BTBHEPN" failures="0" tests="1" name="whatsAppDemo.WhatsApp" time="42.186" errors="0" timestamp="2020-08-18T19:20:54 IST" skipped="0">
  <testcase classname="whatsAppDemo.WhatsApp" name="watsApp" time="42.186"/>
  <system-out/>
</testsuite> <!-- whatsAppDemo.WhatsApp -->
