<?xml version="1.0" encoding="UTF-8"?>
<!-- Generated by org.testng.reporters.JUnitReportReporter -->
<testsuite hostname="DESKTOP-BTBHEPN" failures="0" tests="1" name="com.Google" time="12.514" errors="0" timestamp="2020-08-09T05:12:46 IST" skipped="0">
  <testcase classname="com.Google" name="test" time="12.514"/>
  <system-out/>
</testsuite> <!-- com.Google -->
