<?xml version="1.0" encoding="UTF-8"?>
<!-- Generated by org.testng.reporters.JUnitReportReporter -->
<testsuite hostname="DESKTOP-BTBHEPN" failures="0" tests="1" name="bootStrapPopUpWindow.BootStrapPopUpWindow" time="10.131" errors="0" timestamp="2020-08-04T21:27:48 IST" skipped="0">
  <testcase classname="bootStrapPopUpWindow.BootStrapPopUpWindow" name="BootStrapPopWindow" time="10.131"/>
  <system-out/>
</testsuite> <!-- bootStrapPopUpWindow.BootStrapPopUpWindow -->
