<?xml version="1.0" encoding="UTF-8"?>
<!-- Generated by org.testng.reporters.JUnitReportReporter -->
<testsuite hostname="DESKTOP-BTBHEPN" failures="0" tests="1" name="dragandDrop.DragandDropDemo3" time="11.996" errors="0" timestamp="2020-08-10T04:52:38 IST" skipped="0">
  <testcase classname="dragandDrop.DragandDropDemo3" name="webTableHandleDate" time="11.996"/>
  <system-out/>
</testsuite> <!-- dragandDrop.DragandDropDemo3 -->
