<?xml version="1.0" encoding="UTF-8"?>
<!-- Generated by org.testng.reporters.JUnitReportReporter -->
<testsuite hostname="DESKTOP-BTBHEPN" failures="0" tests="1" name="brokenLinks.BrokenLinksTest" time="24.324" errors="0" timestamp="2020-08-10T03:01:36 IST" skipped="0">
  <testcase classname="brokenLinks.BrokenLinksTest" name="brokenLink" time="24.324"/>
  <system-out/>
</testsuite> <!-- brokenLinks.BrokenLinksTest -->
