<?xml version="1.0" encoding="UTF-8"?>
<!-- Generated by org.testng.reporters.JUnitReportReporter -->
<testsuite hostname="DESKTOP-BTBHEPN" failures="0" tests="1" name="wait.ImplicitWait" time="11.596" errors="0" timestamp="2020-08-04T23:18:24 IST" skipped="0">
  <testcase classname="wait.ImplicitWait" name="waitDemo" time="11.596"/>
  <system-out/>
</testsuite> <!-- wait.ImplicitWait -->
