<?xml version="1.0" encoding="UTF-8"?>
<!-- Generated by org.testng.reporters.JUnitReportReporter -->
<testsuite hostname="DESKTOP-BTBHEPN" failures="0" tests="1" name="iframes.Iframes" time="78.319" errors="0" timestamp="2020-08-02T22:16:50 IST" skipped="0">
  <testcase classname="iframes.Iframes" name="iframeswitching" time="78.319"/>
  <system-out/>
</testsuite> <!-- iframes.Iframes -->
