<?xml version="1.0" encoding="UTF-8"?>
<!-- Generated by org.testng.reporters.JUnitReportReporter -->
<testsuite hostname="DESKTOP-BTBHEPN" failures="0" tests="1" name="handleHiddenElements.HandleHiddenElements" time="9.791" errors="0" timestamp="2020-08-10T03:51:40 IST" skipped="0">
  <testcase classname="handleHiddenElements.HandleHiddenElements" name="mouseHoverOn" time="9.791"/>
  <system-out/>
</testsuite> <!-- handleHiddenElements.HandleHiddenElements -->
