<?xml version="1.0" encoding="UTF-8"?>
<!-- Generated by org.testng.reporters.JUnitReportReporter -->
<testsuite hostname="DESKTOP-BTBHEPN" failures="0" tests="1" name="actionclass.DoubleClick" time="11.362" errors="0" timestamp="2020-08-05T00:42:40 IST" skipped="0">
  <testcase classname="actionclass.DoubleClick" name="doubleclickbutton" time="11.362"/>
  <system-out/>
</testsuite> <!-- actionclass.DoubleClick -->
