<?xml version="1.0" encoding="UTF-8"?>
<!-- Generated by org.testng.reporters.JUnitReportReporter -->
<testsuite hostname="DESKTOP-BTBHEPN" failures="0" tests="1" name="dragandDrop.DragandDropDemo" time="21.932" errors="0" timestamp="2020-08-10T04:36:03 IST" skipped="0">
  <testcase classname="dragandDrop.DragandDropDemo" name="webTableHandleDate" time="21.932"/>
  <system-out/>
</testsuite> <!-- dragandDrop.DragandDropDemo -->
