<?xml version="1.0" encoding="UTF-8"?>
<!-- Generated by org.testng.reporters.JUnitReportReporter -->
<testsuite hostname="DESKTOP-BTBHEPN" failures="0" tests="1" name="configurationDemo.Configurationprops" time="9.658" errors="0" timestamp="2020-08-06T19:24:22 IST" skipped="0">
  <testcase classname="configurationDemo.Configurationprops" name="propertyuse" time="9.658"/>
  <system-out/>
</testsuite> <!-- configurationDemo.Configurationprops -->
