<?xml version="1.0" encoding="UTF-8"?>
<!-- Generated by org.testng.reporters.JUnitReportReporter -->
<testsuite hostname="DESKTOP-BTBHEPN" failures="0" tests="1" name="dragandDrop.DragandDropDemo2" time="11.173" errors="0" timestamp="2020-08-10T04:53:27 IST" skipped="0">
  <testcase classname="dragandDrop.DragandDropDemo2" name="webTableHandleDate" time="11.173"/>
  <system-out/>
</testsuite> <!-- dragandDrop.DragandDropDemo2 -->
