<?xml version="1.0" encoding="UTF-8"?>
<!-- Generated by org.testng.reporters.JUnitReportReporter -->
<testsuite hostname="DESKTOP-BTBHEPN" failures="0" tests="1" name="actionclass.KeyBoardEvents2" time="17.170" errors="0" timestamp="2020-08-09T23:20:50 IST" skipped="0">
  <testcase classname="actionclass.KeyBoardEvents2" name="keyboardevent1" time="17.170"/>
  <system-out/>
</testsuite> <!-- actionclass.KeyBoardEvents2 -->
