<?xml version="1.0" encoding="UTF-8"?>
<!-- Generated by org.testng.reporters.JUnitReportReporter -->
<testsuite hostname="DESKTOP-BTBHEPN" failures="0" tests="1" name="autoIT.AutoITFileUpload" time="9.999" errors="0" timestamp="2020-08-11T02:47:31 IST" skipped="0">
  <testcase classname="autoIT.AutoITFileUpload" name="autoit" time="9.999"/>
  <system-out/>
</testsuite> <!-- autoIT.AutoITFileUpload -->
