<?xml version="1.0" encoding="UTF-8"?>
<!-- Generated by org.testng.reporters.JUnitReportReporter -->
<testsuite hostname="DESKTOP-BTBHEPN" failures="0" tests="1" name="bootStrapDropDown.BootStrapDropDown" time="10.080" errors="0" timestamp="2020-08-02T17:35:26 IST" skipped="0">
  <testcase classname="bootStrapDropDown.BootStrapDropDown" name="main" time="10.080"/>
  <system-out/>
</testsuite> <!-- bootStrapDropDown.BootStrapDropDown -->
