<?xml version="1.0" encoding="UTF-8"?>
<!-- Generated by org.testng.reporters.JUnitReportReporter -->
<testsuite hostname="DESKTOP-BTBHEPN" failures="0" tests="1" name="screenShot.CaptureScreenShot" time="15.959" errors="0" timestamp="2020-08-08T01:23:44 IST" skipped="0">
  <testcase classname="screenShot.CaptureScreenShot" name="CaptureScreenShotSaver" time="15.959"/>
  <system-out/>
</testsuite> <!-- screenShot.CaptureScreenShot -->
