<?xml version="1.0" encoding="UTF-8"?>
<!-- Generated by org.testng.reporters.JUnitReportReporter -->
<testsuite hostname="DESKTOP-BTBHEPN" failures="0" tests="1" name="handlingRadioButtons.RadioButtons" time="12.281" errors="0" timestamp="2020-08-02T15:53:17 IST" skipped="0">
  <testcase classname="handlingRadioButtons.RadioButtons" name="radioButton" time="12.281"/>
  <system-out/>
</testsuite> <!-- handlingRadioButtons.RadioButtons -->
