<?xml version="1.0" encoding="UTF-8"?>
<!-- Generated by org.testng.reporters.JUnitReportReporter -->
<testsuite hostname="DESKTOP-BTBHEPN" failures="0" tests="1" name="actionclass.RightClick" time="16.820" errors="0" timestamp="2020-08-05T00:26:16 IST" skipped="0">
  <testcase classname="actionclass.RightClick" name="rightclickbutton" time="16.820"/>
  <system-out/>
</testsuite> <!-- actionclass.RightClick -->
