<?xml version="1.0" encoding="UTF-8"?>
<!-- Generated by org.testng.reporters.JUnitReportReporter -->
<testsuite hostname="DESKTOP-BTBHEPN" failures="0" tests="1" name="dropdownDemo.SelectFacebookDropDown2" time="13.587" errors="0" timestamp="2020-07-22T01:40:46 IST" skipped="0">
  <testcase classname="dropdownDemo.SelectFacebookDropDown2" name="SelectDDValues" time="13.587"/>
  <system-out/>
</testsuite> <!-- dropdownDemo.SelectFacebookDropDown2 -->
