<?xml version="1.0" encoding="UTF-8"?>
<!-- Generated by org.testng.reporters.JUnitReportReporter -->
<testsuite hostname="DESKTOP-BTBHEPN" failures="0" tests="1" name="seleniumWithoutSendKeys.Seleniumwithoutsendkey" time="10.068" errors="0" timestamp="2020-08-09T23:34:10 IST" skipped="0">
  <testcase classname="seleniumWithoutSendKeys.Seleniumwithoutsendkey" name="withoutSendKeys" time="10.068"/>
  <system-out/>
</testsuite> <!-- seleniumWithoutSendKeys.Seleniumwithoutsendkey -->
