<?xml version="1.0" encoding="UTF-8"?>
<!-- Generated by org.testng.reporters.JUnitReportReporter -->
<testsuite hostname="DESKTOP-BTBHEPN" failures="0" tests="1" name="pomFactory.VerifyLoginPage" time="11.224" errors="0" timestamp="2020-08-06T01:00:11 IST" skipped="0">
  <testcase classname="pomFactory.VerifyLoginPage" name="VerifyLogin" time="11.224"/>
  <system-out/>
</testsuite> <!-- pomFactory.VerifyLoginPage -->
