<?xml version="1.0" encoding="UTF-8"?>
<!-- Generated by org.testng.reporters.JUnitReportReporter -->
<testsuite hostname="DESKTOP-BTBHEPN" failures="0" tests="1" name="mouseHover.MouseHoverElements" time="17.837" errors="0" timestamp="2020-08-10T03:40:35 IST" skipped="0">
  <testcase classname="mouseHover.MouseHoverElements" name="mouseHoverOn" time="17.837"/>
  <system-out/>
</testsuite> <!-- mouseHover.MouseHoverElements -->
