<?xml version="1.0" encoding="UTF-8"?>
<!-- Generated by org.testng.reporters.JUnitReportReporter -->
<testsuite hostname="DESKTOP-BTBHEPN" failures="0" tests="1" name="RedBus.RedBusLogin" time="47.438" errors="0" timestamp="2020-08-04T01:39:23 IST" skipped="0">
  <testcase classname="RedBus.RedBusLogin" name="openBrowser" time="47.438"/>
  <system-out/>
</testsuite> <!-- RedBus.RedBusLogin -->
