<?xml version="1.0" encoding="UTF-8"?>
<!-- Generated by org.testng.reporters.JUnitReportReporter -->
<testsuite hostname="DESKTOP-BTBHEPN" failures="0" tests="1" name="multipleWindows.MultipleWindows" time="34.109" errors="0" timestamp="2020-08-04T18:30:10 IST" skipped="0">
  <testcase classname="multipleWindows.MultipleWindows" name="multiplewindow" time="34.109"/>
  <system-out/>
</testsuite> <!-- multipleWindows.MultipleWindows -->
