<?xml version="1.0" encoding="UTF-8"?>
<!-- Generated by org.testng.reporters.JUnitReportReporter -->
<testsuite hostname="DESKTOP-BTBHEPN" failures="0" tests="1" name="pom.PageObjectModel" time="8.224" errors="0" timestamp="2020-08-05T20:18:40 IST" skipped="0">
  <testcase classname="pom.PageObjectModel" name="pageObjectModelwithoutpageFactory" time="8.224"/>
  <system-out/>
</testsuite> <!-- pom.PageObjectModel -->
