<?xml version="1.0" encoding="UTF-8"?>
<!-- Generated by org.testng.reporters.JUnitReportReporter -->
<testsuite hostname="DESKTOP-BTBHEPN" failures="0" tests="1" name="handleAlertWindow.AlertWindow" time="21.672" errors="0" timestamp="2020-08-02T20:18:55 IST" skipped="0">
  <testcase classname="handleAlertWindow.AlertWindow" name="alertWindowTab" time="21.672"/>
  <system-out/>
</testsuite> <!-- handleAlertWindow.AlertWindow -->
