<?xml version="1.0" encoding="UTF-8"?>
<!-- Generated by org.testng.reporters.JUnitReportReporter -->
<testsuite hostname="DESKTOP-BTBHEPN" failures="0" tests="1" name="iframes.RedBus" time="14.835" errors="0" timestamp="2020-08-03T00:10:22 IST" skipped="0">
  <testcase classname="iframes.RedBus" name="travelapp" time="14.835"/>
  <system-out/>
</testsuite> <!-- iframes.RedBus -->
