<?xml version="1.0" encoding="UTF-8"?>
<!-- Generated by org.testng.reporters.JUnitReportReporter -->
<testsuite hostname="DESKTOP-BTBHEPN" failures="0" tests="1" name="webTableHandle.WebTableHandleCalender" time="12.126" errors="0" timestamp="2020-08-10T04:24:31 IST" skipped="0">
  <testcase classname="webTableHandle.WebTableHandleCalender" name="webTableHandleDate" time="12.126"/>
  <system-out/>
</testsuite> <!-- webTableHandle.WebTableHandleCalender -->
