<?xml version="1.0" encoding="UTF-8"?>
<!-- Generated by org.testng.reporters.JUnitReportReporter -->
<testsuite hostname="DESKTOP-BTBHEPN" failures="0" tests="1" name="bootStrapPopUpWindow.BootStrapPopupWindowSignIn" time="8.804" errors="0" timestamp="2020-08-04T21:26:25 IST" skipped="0">
  <testcase classname="bootStrapPopUpWindow.BootStrapPopupWindowSignIn" name="BootStrap" time="8.804"/>
  <system-out/>
</testsuite> <!-- bootStrapPopUpWindow.BootStrapPopupWindowSignIn -->
