<?xml version="1.0" encoding="UTF-8"?>
<!-- Generated by org.testng.reporters.JUnitReportReporter -->
<testsuite hostname="DESKTOP-BTBHEPN" failures="0" tests="1" name="actionclass.KeyBoardEvents" time="12.182" errors="0" timestamp="2020-08-09T22:59:12 IST" skipped="0">
  <testcase classname="actionclass.KeyBoardEvents" name="keyboardevent1" time="12.182"/>
  <system-out/>
</testsuite> <!-- actionclass.KeyBoardEvents -->
