<?xml version="1.0" encoding="UTF-8"?>
<!-- Generated by org.testng.reporters.JUnitReportReporter -->
<testsuite hostname="DESKTOP-BTBHEPN" failures="0" tests="2" name="com.MMT.qa.testcases.FlightsHomePageMMTTest" time="3.039" errors="0" timestamp="2020-08-06T03:33:27 IST" skipped="0">
  <testcase classname="com.MMT.qa.testcases.FlightsHomePageMMTTest" name="validateCitySelection" time="2.783"/>
  <system-out/>
  <testcase classname="com.MMT.qa.testcases.FlightsHomePageMMTTest" name="validateDateSelection" time="0.256"/>
  <system-out/>
</testsuite> <!-- com.MMT.qa.testcases.FlightsHomePageMMTTest -->
