<?xml version="1.0" encoding="UTF-8"?>
<!-- Generated by org.testng.reporters.JUnitReportReporter -->
<testsuite hostname="DESKTOP-BTBHEPN" failures="0" tests="2" name="com.MMT.qa.testcases.FlightsHomePageMMTTest" time="4.848" errors="0" timestamp="2020-08-09T17:23:54 IST" skipped="0">
  <testcase classname="com.MMT.qa.testcases.FlightsHomePageMMTTest" name="validateCitySelection" time="4.352"/>
  <system-out/>
  <testcase classname="com.MMT.qa.testcases.FlightsHomePageMMTTest" name="validateDateSelection" time="0.496"/>
  <system-out/>
</testsuite> <!-- com.MMT.qa.testcases.FlightsHomePageMMTTest -->
